2021-09-28 22:18:38.424 +02:00 [DBG] Hosting starting
2021-09-28 22:18:38.791 +02:00 [INF] Now listening on: http://localhost:5000
2021-09-28 22:18:38.792 +02:00 [DBG] Loaded hosting startup assembly WebAPIAddressBook
2021-09-28 22:18:38.792 +02:00 [INF] Application started. Press Ctrl+C to shut down.
2021-09-28 22:18:38.792 +02:00 [INF] Hosting environment: Development
2021-09-28 22:18:38.792 +02:00 [INF] Content root path: D:\VertSoft\PerfectSoftware\Workshop\PerfectSoftware\WebAPIAddressBook
2021-09-28 22:18:38.792 +02:00 [DBG] Hosting started
2021-09-28 22:18:38.877 +02:00 [DBG] Connection id "0HMC2NKK75889" accepted.
2021-09-28 22:18:38.877 +02:00 [DBG] Connection id "0HMC2NKK7588A" accepted.
2021-09-28 22:18:38.878 +02:00 [DBG] Connection id "0HMC2NKK7588A" started.
2021-09-28 22:18:38.878 +02:00 [DBG] Connection id "0HMC2NKK75889" started.
2021-09-28 22:18:38.925 +02:00 [DBG] Connection id "0HMC2NKK7588A" received FIN.
2021-09-28 22:18:38.925 +02:00 [DBG] Connection id "0HMC2NKK75889" received FIN.
2021-09-28 22:18:38.934 +02:00 [DBG] Connection id "0HMC2NKK7588A" sending FIN because: "The client closed the connection."
2021-09-28 22:18:38.934 +02:00 [DBG] Connection id "0HMC2NKK75889" sending FIN because: "The client closed the connection."
2021-09-28 22:18:38.936 +02:00 [DBG] Connection id "0HMC2NKK75889" disconnecting.
2021-09-28 22:18:38.936 +02:00 [DBG] Connection id "0HMC2NKK7588A" disconnecting.
2021-09-28 22:18:38.938 +02:00 [DBG] Connection id "0HMC2NKK75889" stopped.
2021-09-28 22:18:38.938 +02:00 [DBG] Connection id "0HMC2NKK7588A" stopped.
2021-09-28 22:18:39.231 +02:00 [DBG] Connection id "0HMC2NKK7588B" accepted.
2021-09-28 22:18:39.236 +02:00 [DBG] Connection id "0HMC2NKK7588B" started.
2021-09-28 22:18:39.295 +02:00 [INF] Request starting HTTP/1.1 GET http://localhost:5000/swagger/index.html - -
2021-09-28 22:18:39.299 +02:00 [DBG] Wildcard detected, all requests with hosts will be allowed.
2021-09-28 22:18:39.446 +02:00 [DBG] Connection id "0HMC2NKK7588B" completed keep alive response.
2021-09-28 22:18:39.448 +02:00 [INF] Request finished HTTP/1.1 GET http://localhost:5000/swagger/index.html - - - 200 - text/html;charset=utf-8 162.9492ms
2021-09-28 22:18:39.600 +02:00 [INF] Request starting HTTP/1.1 GET http://localhost:5000/swagger/v1/swagger.json - -
2021-09-28 22:18:39.710 +02:00 [DBG] Connection id "0HMC2NKK7588B" completed keep alive response.
2021-09-28 22:18:39.711 +02:00 [INF] Request finished HTTP/1.1 GET http://localhost:5000/swagger/v1/swagger.json - - - 200 - application/json;charset=utf-8 110.2636ms
2021-09-28 22:18:47.805 +02:00 [INF] Request starting HTTP/1.1 GET http://localhost:5000/swagger/v1/swagger.json - -
2021-09-28 22:18:47.813 +02:00 [DBG] Connection id "0HMC2NKK7588B" completed keep alive response.
2021-09-28 22:18:47.813 +02:00 [INF] Request finished HTTP/1.1 GET http://localhost:5000/swagger/v1/swagger.json - - - 200 - application/json;charset=utf-8 8.6439ms
2021-09-28 22:18:47.850 +02:00 [INF] Request starting HTTP/1.1 GET http://localhost:5000/favicon.ico - -
2021-09-28 22:18:47.868 +02:00 [DBG] The request path  does not match the path filter
2021-09-28 22:18:47.946 +02:00 [DBG] No candidates found for the request path '/favicon.ico'
2021-09-28 22:18:47.946 +02:00 [DBG] Request did not match any endpoints
2021-09-28 22:18:47.956 +02:00 [DBG] Connection id "0HMC2NKK7588B" completed keep alive response.
2021-09-28 22:18:47.956 +02:00 [INF] Request finished HTTP/1.1 GET http://localhost:5000/favicon.ico - - - 404 0 - 105.3909ms
2021-09-28 22:37:23.389 +02:00 [DBG] Hosting starting
2021-09-28 22:37:24.153 +02:00 [INF] Now listening on: http://localhost:5000
2021-09-28 22:37:24.154 +02:00 [DBG] Loaded hosting startup assembly WebAPIAddressBook
2021-09-28 22:37:24.154 +02:00 [INF] Application started. Press Ctrl+C to shut down.
2021-09-28 22:37:24.154 +02:00 [INF] Hosting environment: Development
2021-09-28 22:37:24.154 +02:00 [INF] Content root path: D:\VertSoft\PerfectSoftware\Workshop\PerfectSoftware\WebAPIAddressBook
2021-09-28 22:37:24.154 +02:00 [DBG] Hosting started
2021-09-28 22:37:24.553 +02:00 [DBG] Connection id "0HMC2NV3MGD6U" received FIN.
2021-09-28 22:37:24.553 +02:00 [DBG] Connection id "0HMC2NV3MGD6V" received FIN.
2021-09-28 22:37:24.564 +02:00 [DBG] Connection id "0HMC2NV3MGD6V" accepted.
2021-09-28 22:37:24.564 +02:00 [DBG] Connection id "0HMC2NV3MGD6U" accepted.
2021-09-28 22:37:24.570 +02:00 [DBG] Connection id "0HMC2NV3MGD6U" started.
2021-09-28 22:37:24.578 +02:00 [DBG] Connection id "0HMC2NV3MGD6V" started.
2021-09-28 22:37:24.582 +02:00 [DBG] Connection id "0HMC2NV3MGD6V" sending FIN because: "The client closed the connection."
2021-09-28 22:37:24.583 +02:00 [DBG] Connection id "0HMC2NV3MGD6U" sending FIN because: "The client closed the connection."
2021-09-28 22:37:24.584 +02:00 [DBG] Connection id "0HMC2NV3MGD6U" disconnecting.
2021-09-28 22:37:24.584 +02:00 [DBG] Connection id "0HMC2NV3MGD6V" disconnecting.
2021-09-28 22:37:24.587 +02:00 [DBG] Connection id "0HMC2NV3MGD6V" stopped.
2021-09-28 22:37:24.594 +02:00 [DBG] Connection id "0HMC2NV3MGD6U" stopped.
2021-09-28 22:37:24.889 +02:00 [DBG] Connection id "0HMC2NV3MGD70" accepted.
2021-09-28 22:37:24.940 +02:00 [DBG] Connection id "0HMC2NV3MGD70" started.
2021-09-28 22:37:24.987 +02:00 [INF] Request starting HTTP/1.1 GET http://localhost:5000/swagger/index.html - -
2021-09-28 22:37:24.993 +02:00 [DBG] Wildcard detected, all requests with hosts will be allowed.
2021-09-28 22:37:25.158 +02:00 [DBG] Connection id "0HMC2NV3MGD70" completed keep alive response.
2021-09-28 22:37:25.162 +02:00 [INF] Request finished HTTP/1.1 GET http://localhost:5000/swagger/index.html - - - 200 - text/html;charset=utf-8 175.6882ms
2021-09-28 22:37:25.386 +02:00 [INF] Request starting HTTP/1.1 GET http://localhost:5000/swagger/v1/swagger.json - -
2021-09-28 22:37:25.520 +02:00 [DBG] Connection id "0HMC2NV3MGD70" completed keep alive response.
2021-09-28 22:37:25.520 +02:00 [INF] Request finished HTTP/1.1 GET http://localhost:5000/swagger/v1/swagger.json - - - 200 - application/json;charset=utf-8 133.7647ms
2021-09-28 22:40:48.157 +02:00 [DBG] Hosting starting
2021-09-28 22:40:48.700 +02:00 [INF] Now listening on: http://localhost:5000
2021-09-28 22:40:48.701 +02:00 [DBG] Loaded hosting startup assembly WebAPIAddressBook
2021-09-28 22:40:48.701 +02:00 [INF] Application started. Press Ctrl+C to shut down.
2021-09-28 22:40:48.701 +02:00 [INF] Hosting environment: Development
2021-09-28 22:40:48.701 +02:00 [INF] Content root path: D:\VertSoft\PerfectSoftware\Workshop\PerfectSoftware\WebAPIAddressBook
2021-09-28 22:40:48.701 +02:00 [DBG] Hosting started
2021-09-28 22:40:49.069 +02:00 [DBG] Connection id "0HMC2O10KTNP0" received FIN.
2021-09-28 22:40:49.069 +02:00 [DBG] Connection id "0HMC2O10KTNOV" received FIN.
2021-09-28 22:40:49.081 +02:00 [DBG] Connection id "0HMC2O10KTNP0" accepted.
2021-09-28 22:40:49.081 +02:00 [DBG] Connection id "0HMC2O10KTNOV" accepted.
2021-09-28 22:40:49.084 +02:00 [DBG] Connection id "0HMC2O10KTNOV" started.
2021-09-28 22:40:49.086 +02:00 [DBG] Connection id "0HMC2O10KTNP0" started.
2021-09-28 22:40:49.095 +02:00 [DBG] Connection id "0HMC2O10KTNOV" sending FIN because: "The client closed the connection."
2021-09-28 22:40:49.095 +02:00 [DBG] Connection id "0HMC2O10KTNP0" sending FIN because: "The client closed the connection."
2021-09-28 22:40:49.098 +02:00 [DBG] Connection id "0HMC2O10KTNP0" disconnecting.
2021-09-28 22:40:49.098 +02:00 [DBG] Connection id "0HMC2O10KTNOV" disconnecting.
2021-09-28 22:40:49.101 +02:00 [DBG] Connection id "0HMC2O10KTNOV" stopped.
2021-09-28 22:40:49.123 +02:00 [DBG] Connection id "0HMC2O10KTNP0" stopped.
2021-09-28 22:40:49.361 +02:00 [DBG] Connection id "0HMC2O10KTNP1" accepted.
2021-09-28 22:40:49.377 +02:00 [DBG] Connection id "0HMC2O10KTNP1" started.
2021-09-28 22:40:49.461 +02:00 [INF] Request starting HTTP/1.1 GET http://localhost:5000/swagger/index.html - -
2021-09-28 22:40:49.471 +02:00 [DBG] Wildcard detected, all requests with hosts will be allowed.
2021-09-28 22:40:49.610 +02:00 [DBG] Connection id "0HMC2O10KTNP1" completed keep alive response.
2021-09-28 22:40:49.613 +02:00 [INF] Request finished HTTP/1.1 GET http://localhost:5000/swagger/index.html - - - 200 - text/html;charset=utf-8 153.0090ms
2021-09-28 22:40:49.783 +02:00 [INF] Request starting HTTP/1.1 GET http://localhost:5000/swagger/v1/swagger.json - -
2021-09-28 22:40:49.889 +02:00 [DBG] Connection id "0HMC2O10KTNP1" completed keep alive response.
2021-09-28 22:40:49.889 +02:00 [INF] Request finished HTTP/1.1 GET http://localhost:5000/swagger/v1/swagger.json - - - 200 - application/json;charset=utf-8 106.4313ms
2021-09-28 22:46:41.585 +02:00 [DBG] Hosting starting
2021-09-28 22:46:42.292 +02:00 [INF] Now listening on: http://localhost:5000
2021-09-28 22:46:42.293 +02:00 [DBG] Loaded hosting startup assembly WebAPIAddressBook
2021-09-28 22:46:42.293 +02:00 [INF] Application started. Press Ctrl+C to shut down.
2021-09-28 22:46:42.293 +02:00 [INF] Hosting environment: Development
2021-09-28 22:46:42.293 +02:00 [INF] Content root path: D:\VertSoft\PerfectSoftware\Workshop\PerfectSoftware\WebAPIAddressBook
2021-09-28 22:46:42.293 +02:00 [DBG] Hosting started
2021-09-28 22:46:42.350 +02:00 [DBG] Connection id "0HMC2O49U2ATS" received FIN.
2021-09-28 22:46:42.350 +02:00 [DBG] Connection id "0HMC2O49U2ATT" received FIN.
2021-09-28 22:46:42.361 +02:00 [DBG] Connection id "0HMC2O49U2ATT" accepted.
2021-09-28 22:46:42.361 +02:00 [DBG] Connection id "0HMC2O49U2ATS" accepted.
2021-09-28 22:46:42.368 +02:00 [DBG] Connection id "0HMC2O49U2ATT" started.
2021-09-28 22:46:42.369 +02:00 [DBG] Connection id "0HMC2O49U2ATS" started.
2021-09-28 22:46:42.378 +02:00 [DBG] Connection id "0HMC2O49U2ATT" sending FIN because: "The client closed the connection."
2021-09-28 22:46:42.378 +02:00 [DBG] Connection id "0HMC2O49U2ATS" sending FIN because: "The client closed the connection."
2021-09-28 22:46:42.381 +02:00 [DBG] Connection id "0HMC2O49U2ATT" disconnecting.
2021-09-28 22:46:42.381 +02:00 [DBG] Connection id "0HMC2O49U2ATS" disconnecting.
2021-09-28 22:46:42.383 +02:00 [DBG] Connection id "0HMC2O49U2ATT" stopped.
2021-09-28 22:46:42.383 +02:00 [DBG] Connection id "0HMC2O49U2ATS" stopped.
2021-09-28 22:46:42.685 +02:00 [DBG] Connection id "0HMC2O49U2ATU" accepted.
2021-09-28 22:46:42.699 +02:00 [DBG] Connection id "0HMC2O49U2ATU" started.
2021-09-28 22:46:42.763 +02:00 [INF] Request starting HTTP/1.1 GET http://localhost:5000/swagger/index.html - -
2021-09-28 22:46:42.772 +02:00 [DBG] Wildcard detected, all requests with hosts will be allowed.
2021-09-28 22:46:42.920 +02:00 [DBG] Connection id "0HMC2O49U2ATU" completed keep alive response.
2021-09-28 22:46:42.921 +02:00 [INF] Request finished HTTP/1.1 GET http://localhost:5000/swagger/index.html - - - 200 - text/html;charset=utf-8 161.7224ms
2021-09-28 22:46:43.066 +02:00 [INF] Request starting HTTP/1.1 GET http://localhost:5000/swagger/v1/swagger.json - -
2021-09-28 22:46:43.193 +02:00 [DBG] Connection id "0HMC2O49U2ATU" completed keep alive response.
2021-09-28 22:46:43.193 +02:00 [INF] Request finished HTTP/1.1 GET http://localhost:5000/swagger/v1/swagger.json - - - 200 - application/json;charset=utf-8 127.2092ms
2021-09-28 22:56:56.321 +02:00 [DBG] Hosting starting
2021-09-28 22:56:56.624 +02:00 [INF] Now listening on: http://localhost:5000
2021-09-28 22:56:56.625 +02:00 [DBG] Loaded hosting startup assembly WebAPIAddressBook
2021-09-28 22:56:56.625 +02:00 [INF] Application started. Press Ctrl+C to shut down.
2021-09-28 22:56:56.625 +02:00 [INF] Hosting environment: Development
2021-09-28 22:56:56.625 +02:00 [INF] Content root path: D:\VertSoft\PerfectSoftware\Workshop\PerfectSoftware\WebAPIAddressBook
2021-09-28 22:56:56.625 +02:00 [DBG] Hosting started
2021-09-28 22:56:56.904 +02:00 [DBG] Connection id "0HMC2OA12SBKQ" accepted.
2021-09-28 22:56:56.904 +02:00 [DBG] Connection id "0HMC2OA12SBKP" accepted.
2021-09-28 22:56:56.920 +02:00 [DBG] Connection id "0HMC2OA12SBKP" started.
2021-09-28 22:56:56.920 +02:00 [DBG] Connection id "0HMC2OA12SBKQ" started.
2021-09-28 22:56:57.143 +02:00 [DBG] Connection id "0HMC2OA12SBKP" reset.
2021-09-28 22:56:57.152 +02:00 [DBG] Connection id "0HMC2OA12SBKQ" reset.
2021-09-28 22:56:57.384 +02:00 [DBG] Connection id "0HMC2OA12SBKR" accepted.
2021-09-28 22:56:57.429 +02:00 [DBG] Connection id "0HMC2OA12SBKR" started.
2021-09-28 22:56:57.428 +02:00 [DBG] Connection id "0HMC2OA12SBKQ" sending FIN because: "The client closed the connection."
2021-09-28 22:56:57.428 +02:00 [DBG] Connection id "0HMC2OA12SBKP" sending FIN because: "The client closed the connection."
2021-09-28 22:56:57.433 +02:00 [DBG] Connection id "0HMC2OA12SBKP" disconnecting.
2021-09-28 22:56:57.433 +02:00 [DBG] Connection id "0HMC2OA12SBKQ" disconnecting.
2021-09-28 22:56:57.435 +02:00 [DBG] Connection id "0HMC2OA12SBKQ" stopped.
2021-09-28 22:56:57.435 +02:00 [DBG] Connection id "0HMC2OA12SBKP" stopped.
2021-09-28 22:56:57.473 +02:00 [INF] Request starting HTTP/1.1 GET http://localhost:5000/swagger/index.html - -
2021-09-28 22:56:57.486 +02:00 [DBG] Wildcard detected, all requests with hosts will be allowed.
2021-09-28 22:56:57.705 +02:00 [DBG] Connection id "0HMC2OA12SBKR" completed keep alive response.
2021-09-28 22:56:57.707 +02:00 [INF] Request finished HTTP/1.1 GET http://localhost:5000/swagger/index.html - - - 200 - text/html;charset=utf-8 237.9782ms
2021-09-28 22:56:57.985 +02:00 [INF] Request starting HTTP/1.1 GET http://localhost:5000/swagger/v1/swagger.json - -
2021-09-28 22:56:58.119 +02:00 [DBG] Connection id "0HMC2OA12SBKR" completed keep alive response.
2021-09-28 22:56:58.119 +02:00 [INF] Request finished HTTP/1.1 GET http://localhost:5000/swagger/v1/swagger.json - - - 200 - application/json;charset=utf-8 134.2922ms
2021-09-28 23:01:42.444 +02:00 [DBG] Hosting starting
2021-09-28 23:01:43.274 +02:00 [INF] Now listening on: http://localhost:5000
2021-09-28 23:01:43.275 +02:00 [DBG] Loaded hosting startup assembly WebAPIAddressBook
2021-09-28 23:01:43.275 +02:00 [INF] Application started. Press Ctrl+C to shut down.
2021-09-28 23:01:43.275 +02:00 [INF] Hosting environment: Development
2021-09-28 23:01:43.275 +02:00 [INF] Content root path: D:\VertSoft\PerfectSoftware\Workshop\PerfectSoftware\WebAPIAddressBook
2021-09-28 23:01:43.275 +02:00 [DBG] Hosting started
2021-09-28 23:01:43.330 +02:00 [DBG] Connection id "0HMC2OCMED0SO" accepted.
2021-09-28 23:01:43.330 +02:00 [DBG] Connection id "0HMC2OCMED0SN" accepted.
2021-09-28 23:01:43.333 +02:00 [DBG] Connection id "0HMC2OCMED0SN" received FIN.
2021-09-28 23:01:43.333 +02:00 [DBG] Connection id "0HMC2OCMED0SO" received FIN.
2021-09-28 23:01:43.336 +02:00 [DBG] Connection id "0HMC2OCMED0SO" started.
2021-09-28 23:01:43.336 +02:00 [DBG] Connection id "0HMC2OCMED0SN" started.
2021-09-28 23:01:43.350 +02:00 [DBG] Connection id "0HMC2OCMED0SO" disconnecting.
2021-09-28 23:01:43.352 +02:00 [DBG] Connection id "0HMC2OCMED0SO" stopped.
2021-09-28 23:01:43.352 +02:00 [DBG] Connection id "0HMC2OCMED0SN" disconnecting.
2021-09-28 23:01:43.352 +02:00 [DBG] Connection id "0HMC2OCMED0SN" stopped.
2021-09-28 23:01:43.383 +02:00 [DBG] Connection id "0HMC2OCMED0SN" sending FIN because: "The Socket transport's send loop completed gracefully."
2021-09-28 23:01:43.383 +02:00 [DBG] Connection id "0HMC2OCMED0SO" sending FIN because: "The Socket transport's send loop completed gracefully."
2021-09-28 23:01:43.610 +02:00 [DBG] Connection id "0HMC2OCMED0SP" accepted.
2021-09-28 23:01:43.635 +02:00 [DBG] Connection id "0HMC2OCMED0SP" started.
2021-09-28 23:01:43.695 +02:00 [INF] Request starting HTTP/1.1 GET http://localhost:5000/swagger/index.html - -
2021-09-28 23:01:43.708 +02:00 [DBG] Wildcard detected, all requests with hosts will be allowed.
2021-09-28 23:01:43.892 +02:00 [DBG] Connection id "0HMC2OCMED0SP" completed keep alive response.
2021-09-28 23:01:43.894 +02:00 [INF] Request finished HTTP/1.1 GET http://localhost:5000/swagger/index.html - - - 200 - text/html;charset=utf-8 202.3754ms
2021-09-28 23:01:44.066 +02:00 [INF] Request starting HTTP/1.1 GET http://localhost:5000/swagger/v1/swagger.json - -
2021-09-28 23:01:44.210 +02:00 [DBG] Connection id "0HMC2OCMED0SP" completed keep alive response.
2021-09-28 23:01:44.211 +02:00 [INF] Request finished HTTP/1.1 GET http://localhost:5000/swagger/v1/swagger.json - - - 200 - application/json;charset=utf-8 144.6491ms
2021-09-28 23:04:46.563 +02:00 [DBG] Hosting starting
2021-09-28 23:04:47.158 +02:00 [INF] Now listening on: http://localhost:5000
2021-09-28 23:04:47.159 +02:00 [DBG] Loaded hosting startup assembly WebAPIAddressBook
2021-09-28 23:04:47.159 +02:00 [INF] Application started. Press Ctrl+C to shut down.
2021-09-28 23:04:47.159 +02:00 [INF] Hosting environment: Development
2021-09-28 23:04:47.159 +02:00 [INF] Content root path: D:\VertSoft\PerfectSoftware\Workshop\PerfectSoftware\WebAPIAddressBook
2021-09-28 23:04:47.159 +02:00 [DBG] Hosting started
2021-09-28 23:04:47.346 +02:00 [DBG] Connection id "0HMC2OED99LVN" received FIN.
2021-09-28 23:04:47.346 +02:00 [DBG] Connection id "0HMC2OED99LVM" accepted.
2021-09-28 23:04:47.346 +02:00 [DBG] Connection id "0HMC2OED99LVM" received FIN.
2021-09-28 23:04:47.348 +02:00 [DBG] Connection id "0HMC2OED99LVN" accepted.
2021-09-28 23:04:47.351 +02:00 [DBG] Connection id "0HMC2OED99LVM" started.
2021-09-28 23:04:47.359 +02:00 [DBG] Connection id "0HMC2OED99LVM" disconnecting.
2021-09-28 23:04:47.362 +02:00 [DBG] Connection id "0HMC2OED99LVM" stopped.
2021-09-28 23:04:47.369 +02:00 [DBG] Connection id "0HMC2OED99LVN" started.
2021-09-28 23:04:47.373 +02:00 [DBG] Connection id "0HMC2OED99LVN" sending FIN because: "The client closed the connection."
2021-09-28 23:04:47.374 +02:00 [DBG] Connection id "0HMC2OED99LVN" disconnecting.
2021-09-28 23:04:47.374 +02:00 [DBG] Connection id "0HMC2OED99LVN" stopped.
2021-09-28 23:04:47.378 +02:00 [DBG] Connection id "0HMC2OED99LVM" sending FIN because: "The Socket transport's send loop completed gracefully."
2021-09-28 23:04:47.859 +02:00 [DBG] Connection id "0HMC2OED99LVO" accepted.
2021-09-28 23:04:47.876 +02:00 [DBG] Connection id "0HMC2OED99LVO" started.
2021-09-28 23:04:47.934 +02:00 [INF] Request starting HTTP/1.1 GET http://localhost:5000/swagger/index.html - -
2021-09-28 23:04:47.939 +02:00 [DBG] Wildcard detected, all requests with hosts will be allowed.
2021-09-28 23:04:48.076 +02:00 [DBG] Connection id "0HMC2OED99LVO" completed keep alive response.
2021-09-28 23:04:48.078 +02:00 [INF] Request finished HTTP/1.1 GET http://localhost:5000/swagger/index.html - - - 200 - text/html;charset=utf-8 148.7275ms
2021-09-28 23:04:48.239 +02:00 [INF] Request starting HTTP/1.1 GET http://localhost:5000/swagger/v1/swagger.json - -
2021-09-28 23:04:48.351 +02:00 [DBG] Connection id "0HMC2OED99LVO" completed keep alive response.
2021-09-28 23:04:48.351 +02:00 [INF] Request finished HTTP/1.1 GET http://localhost:5000/swagger/v1/swagger.json - - - 200 - application/json;charset=utf-8 111.9651ms
2021-09-28 23:09:42.546 +02:00 [DBG] Hosting starting
2021-09-28 23:09:43.134 +02:00 [INF] Now listening on: http://localhost:5000
2021-09-28 23:09:43.135 +02:00 [DBG] Loaded hosting startup assembly WebAPIAddressBook
2021-09-28 23:09:43.135 +02:00 [INF] Application started. Press Ctrl+C to shut down.
2021-09-28 23:09:43.135 +02:00 [INF] Hosting environment: Development
2021-09-28 23:09:43.135 +02:00 [INF] Content root path: D:\VertSoft\PerfectSoftware\Workshop\PerfectSoftware\WebAPIAddressBook
2021-09-28 23:09:43.135 +02:00 [DBG] Hosting started
2021-09-28 23:09:43.465 +02:00 [DBG] Connection id "0HMC2OH5HDD7B" received FIN.
2021-09-28 23:09:43.465 +02:00 [DBG] Connection id "0HMC2OH5HDD7C" received FIN.
2021-09-28 23:09:43.476 +02:00 [DBG] Connection id "0HMC2OH5HDD7C" accepted.
2021-09-28 23:09:43.476 +02:00 [DBG] Connection id "0HMC2OH5HDD7B" accepted.
2021-09-28 23:09:43.478 +02:00 [DBG] Connection id "0HMC2OH5HDD7B" started.
2021-09-28 23:09:43.480 +02:00 [DBG] Connection id "0HMC2OH5HDD7C" started.
2021-09-28 23:09:43.488 +02:00 [DBG] Connection id "0HMC2OH5HDD7C" sending FIN because: "The client closed the connection."
2021-09-28 23:09:43.488 +02:00 [DBG] Connection id "0HMC2OH5HDD7B" sending FIN because: "The client closed the connection."
2021-09-28 23:09:43.490 +02:00 [DBG] Connection id "0HMC2OH5HDD7C" disconnecting.
2021-09-28 23:09:43.490 +02:00 [DBG] Connection id "0HMC2OH5HDD7B" disconnecting.
2021-09-28 23:09:43.497 +02:00 [DBG] Connection id "0HMC2OH5HDD7B" stopped.
2021-09-28 23:09:43.497 +02:00 [DBG] Connection id "0HMC2OH5HDD7C" stopped.
2021-09-28 23:09:43.694 +02:00 [DBG] Connection id "0HMC2OH5HDD7D" accepted.
2021-09-28 23:09:43.694 +02:00 [DBG] Connection id "0HMC2OH5HDD7D" started.
2021-09-28 23:09:43.734 +02:00 [INF] Request starting HTTP/1.1 GET http://localhost:5000/swagger/index.html - -
2021-09-28 23:09:43.738 +02:00 [DBG] Wildcard detected, all requests with hosts will be allowed.
2021-09-28 23:09:43.940 +02:00 [DBG] Connection id "0HMC2OH5HDD7D" completed keep alive response.
2021-09-28 23:09:43.942 +02:00 [INF] Request finished HTTP/1.1 GET http://localhost:5000/swagger/index.html - - - 200 - text/html;charset=utf-8 213.0355ms
2021-09-28 23:09:44.104 +02:00 [INF] Request starting HTTP/1.1 GET http://localhost:5000/swagger/v1/swagger.json - -
2021-09-28 23:09:44.206 +02:00 [DBG] Connection id "0HMC2OH5HDD7D" completed keep alive response.
2021-09-28 23:09:44.207 +02:00 [INF] Request finished HTTP/1.1 GET http://localhost:5000/swagger/v1/swagger.json - - - 200 - application/json;charset=utf-8 102.7389ms
2021-09-28 23:15:36.647 +02:00 [DBG] Hosting starting
2021-09-28 23:15:37.497 +02:00 [INF] Now listening on: http://localhost:5000
2021-09-28 23:15:37.498 +02:00 [DBG] Loaded hosting startup assembly WebAPIAddressBook
2021-09-28 23:15:37.498 +02:00 [INF] Application started. Press Ctrl+C to shut down.
2021-09-28 23:15:37.498 +02:00 [INF] Hosting environment: Development
2021-09-28 23:15:37.498 +02:00 [INF] Content root path: D:\VertSoft\PerfectSoftware\Workshop\PerfectSoftware\WebAPIAddressBook
2021-09-28 23:15:37.498 +02:00 [DBG] Hosting started
2021-09-28 23:15:37.773 +02:00 [DBG] Connection id "0HMC2OKF4AQ6S" accepted.
2021-09-28 23:15:37.773 +02:00 [DBG] Connection id "0HMC2OKF4AQ6T" accepted.
2021-09-28 23:15:37.777 +02:00 [DBG] Connection id "0HMC2OKF4AQ6S" started.
2021-09-28 23:15:37.777 +02:00 [DBG] Connection id "0HMC2OKF4AQ6T" started.
2021-09-28 23:15:37.792 +02:00 [DBG] Connection id "0HMC2OKF4AQ6T" received FIN.
2021-09-28 23:15:37.792 +02:00 [DBG] Connection id "0HMC2OKF4AQ6S" received FIN.
2021-09-28 23:15:37.796 +02:00 [DBG] Connection id "0HMC2OKF4AQ6T" disconnecting.
2021-09-28 23:15:37.796 +02:00 [DBG] Connection id "0HMC2OKF4AQ6S" disconnecting.
2021-09-28 23:15:37.799 +02:00 [DBG] Connection id "0HMC2OKF4AQ6T" stopped.
2021-09-28 23:15:37.799 +02:00 [DBG] Connection id "0HMC2OKF4AQ6S" stopped.
2021-09-28 23:15:37.809 +02:00 [DBG] Connection id "0HMC2OKF4AQ6T" sending FIN because: "The Socket transport's send loop completed gracefully."
2021-09-28 23:15:37.809 +02:00 [DBG] Connection id "0HMC2OKF4AQ6S" sending FIN because: "The Socket transport's send loop completed gracefully."
2021-09-28 23:15:38.143 +02:00 [DBG] Connection id "0HMC2OKF4AQ6U" accepted.
2021-09-28 23:15:38.153 +02:00 [DBG] Connection id "0HMC2OKF4AQ6U" started.
2021-09-28 23:15:38.206 +02:00 [INF] Request starting HTTP/1.1 GET http://localhost:5000/swagger/index.html - -
2021-09-28 23:15:38.210 +02:00 [DBG] Wildcard detected, all requests with hosts will be allowed.
2021-09-28 23:31:57.490 +02:00 [DBG] Hosting starting
2021-09-28 23:31:58.069 +02:00 [INF] Now listening on: http://localhost:5000
2021-09-28 23:31:58.070 +02:00 [DBG] Loaded hosting startup assembly WebAPIAddressBook
2021-09-28 23:31:58.070 +02:00 [INF] Application started. Press Ctrl+C to shut down.
2021-09-28 23:31:58.070 +02:00 [INF] Hosting environment: Development
2021-09-28 23:31:58.070 +02:00 [INF] Content root path: D:\VertSoft\PerfectSoftware\Workshop\PerfectSoftware\WebAPIAddressBook
2021-09-28 23:31:58.070 +02:00 [DBG] Hosting started
2021-09-28 23:31:58.128 +02:00 [DBG] Connection id "0HMC2OTJ9O5GM" received FIN.
2021-09-28 23:31:58.128 +02:00 [DBG] Connection id "0HMC2OTJ9O5GN" received FIN.
2021-09-28 23:31:58.163 +02:00 [DBG] Connection id "0HMC2OTJ9O5GN" accepted.
2021-09-28 23:31:58.164 +02:00 [DBG] Connection id "0HMC2OTJ9O5GM" accepted.
2021-09-28 23:31:58.176 +02:00 [DBG] Connection id "0HMC2OTJ9O5GN" started.
2021-09-28 23:31:58.178 +02:00 [DBG] Connection id "0HMC2OTJ9O5GM" started.
2021-09-28 23:31:58.185 +02:00 [DBG] Connection id "0HMC2OTJ9O5GN" sending FIN because: "The client closed the connection."
2021-09-28 23:31:58.187 +02:00 [DBG] Connection id "0HMC2OTJ9O5GN" disconnecting.
2021-09-28 23:31:58.185 +02:00 [DBG] Connection id "0HMC2OTJ9O5GM" sending FIN because: "The client closed the connection."
2021-09-28 23:31:58.191 +02:00 [DBG] Connection id "0HMC2OTJ9O5GN" stopped.
2021-09-28 23:31:58.191 +02:00 [DBG] Connection id "0HMC2OTJ9O5GM" disconnecting.
2021-09-28 23:31:58.191 +02:00 [DBG] Connection id "0HMC2OTJ9O5GM" stopped.
2021-09-28 23:31:58.452 +02:00 [DBG] Connection id "0HMC2OTJ9O5GO" accepted.
2021-09-28 23:31:58.458 +02:00 [DBG] Connection id "0HMC2OTJ9O5GO" started.
2021-09-28 23:31:58.514 +02:00 [INF] Request starting HTTP/1.1 GET http://localhost:5000/swagger/index.html - -
2021-09-28 23:31:58.519 +02:00 [DBG] Wildcard detected, all requests with hosts will be allowed.
2021-09-28 23:31:58.667 +02:00 [DBG] Connection id "0HMC2OTJ9O5GO" completed keep alive response.
2021-09-28 23:31:58.668 +02:00 [INF] Request finished HTTP/1.1 GET http://localhost:5000/swagger/index.html - - - 200 - text/html;charset=utf-8 161.0920ms
2021-09-28 23:31:58.837 +02:00 [INF] Request starting HTTP/1.1 GET http://localhost:5000/swagger/v1/swagger.json - -
2021-09-28 23:31:58.972 +02:00 [DBG] Connection id "0HMC2OTJ9O5GO" completed keep alive response.
2021-09-28 23:31:58.972 +02:00 [INF] Request finished HTTP/1.1 GET http://localhost:5000/swagger/v1/swagger.json - - - 200 - application/json;charset=utf-8 134.3431ms
2021-09-28 23:46:03.563 +02:00 [DBG] Hosting starting
2021-09-28 23:46:04.173 +02:00 [INF] Now listening on: http://localhost:5000
2021-09-28 23:46:04.174 +02:00 [DBG] Loaded hosting startup assembly WebAPIAddressBook
2021-09-28 23:46:04.174 +02:00 [INF] Application started. Press Ctrl+C to shut down.
2021-09-28 23:46:04.174 +02:00 [INF] Hosting environment: Development
2021-09-28 23:46:04.174 +02:00 [INF] Content root path: D:\VertSoft\PerfectSoftware\Workshop\PerfectSoftware\WebAPIAddressBook
2021-09-28 23:46:04.174 +02:00 [DBG] Hosting started
2021-09-28 23:46:04.654 +02:00 [DBG] Connection id "0HMC2P5FIR9GG" received FIN.
2021-09-28 23:46:04.654 +02:00 [DBG] Connection id "0HMC2P5FIR9GH" received FIN.
2021-09-28 23:46:04.664 +02:00 [DBG] Connection id "0HMC2P5FIR9GH" accepted.
2021-09-28 23:46:04.664 +02:00 [DBG] Connection id "0HMC2P5FIR9GG" accepted.
2021-09-28 23:46:04.666 +02:00 [DBG] Connection id "0HMC2P5FIR9GG" started.
2021-09-28 23:46:04.666 +02:00 [DBG] Connection id "0HMC2P5FIR9GH" started.
2021-09-28 23:46:04.676 +02:00 [DBG] Connection id "0HMC2P5FIR9GH" sending FIN because: "The client closed the connection."
2021-09-28 23:46:04.676 +02:00 [DBG] Connection id "0HMC2P5FIR9GG" sending FIN because: "The client closed the connection."
2021-09-28 23:46:04.679 +02:00 [DBG] Connection id "0HMC2P5FIR9GG" disconnecting.
2021-09-28 23:46:04.679 +02:00 [DBG] Connection id "0HMC2P5FIR9GH" disconnecting.
2021-09-28 23:46:04.682 +02:00 [DBG] Connection id "0HMC2P5FIR9GG" stopped.
2021-09-28 23:46:04.685 +02:00 [DBG] Connection id "0HMC2P5FIR9GH" stopped.
2021-09-28 23:46:04.892 +02:00 [DBG] Connection id "0HMC2P5FIR9GI" accepted.
2021-09-28 23:46:04.925 +02:00 [DBG] Connection id "0HMC2P5FIR9GI" started.
2021-09-28 23:46:04.979 +02:00 [INF] Request starting HTTP/1.1 GET http://localhost:5000/swagger/index.html - -
2021-09-28 23:46:04.983 +02:00 [DBG] Wildcard detected, all requests with hosts will be allowed.
2021-09-28 23:46:45.168 +02:00 [DBG] Hosting starting
2021-09-28 23:46:45.518 +02:00 [INF] Now listening on: http://localhost:5000
2021-09-28 23:46:45.519 +02:00 [DBG] Loaded hosting startup assembly WebAPIAddressBook
2021-09-28 23:46:45.519 +02:00 [INF] Application started. Press Ctrl+C to shut down.
2021-09-28 23:46:45.519 +02:00 [INF] Hosting environment: Development
2021-09-28 23:46:45.519 +02:00 [INF] Content root path: D:\VertSoft\PerfectSoftware\Workshop\PerfectSoftware\WebAPIAddressBook
2021-09-28 23:46:45.519 +02:00 [DBG] Hosting started
2021-09-28 23:46:46.010 +02:00 [DBG] Connection id "0HMC2P5RT7FH9" accepted.
2021-09-28 23:46:46.010 +02:00 [DBG] Connection id "0HMC2P5RT7FH8" accepted.
2021-09-28 23:46:46.011 +02:00 [DBG] Connection id "0HMC2P5RT7FH9" started.
2021-09-28 23:46:46.011 +02:00 [DBG] Connection id "0HMC2P5RT7FH8" started.
2021-09-28 23:46:46.017 +02:00 [DBG] Connection id "0HMC2P5RT7FH9" received FIN.
2021-09-28 23:46:46.017 +02:00 [DBG] Connection id "0HMC2P5RT7FH8" received FIN.
2021-09-28 23:46:46.022 +02:00 [DBG] Connection id "0HMC2P5RT7FH9" disconnecting.
2021-09-28 23:46:46.024 +02:00 [DBG] Connection id "0HMC2P5RT7FH8" sending FIN because: "The client closed the connection."
2021-09-28 23:46:46.024 +02:00 [DBG] Connection id "0HMC2P5RT7FH9" sending FIN because: "The client closed the connection."
2021-09-28 23:46:46.025 +02:00 [DBG] Connection id "0HMC2P5RT7FH8" disconnecting.
2021-09-28 23:46:46.026 +02:00 [DBG] Connection id "0HMC2P5RT7FH8" stopped.
2021-09-28 23:46:46.033 +02:00 [DBG] Connection id "0HMC2P5RT7FH9" stopped.
2021-09-28 23:46:46.302 +02:00 [DBG] Connection id "0HMC2P5RT7FHA" accepted.
2021-09-28 23:46:46.304 +02:00 [DBG] Connection id "0HMC2P5RT7FHA" started.
2021-09-28 23:46:46.358 +02:00 [INF] Request starting HTTP/1.1 GET http://localhost:5000/swagger/index.html - -
2021-09-28 23:46:46.368 +02:00 [DBG] Wildcard detected, all requests with hosts will be allowed.
2021-09-28 23:46:46.574 +02:00 [DBG] Connection id "0HMC2P5RT7FHA" completed keep alive response.
2021-09-28 23:46:46.580 +02:00 [INF] Request finished HTTP/1.1 GET http://localhost:5000/swagger/index.html - - - 200 - text/html;charset=utf-8 224.3655ms
2021-09-28 23:46:46.733 +02:00 [INF] Request starting HTTP/1.1 GET http://localhost:5000/swagger/v1/swagger.json - -
2021-09-28 23:46:46.922 +02:00 [DBG] Connection id "0HMC2P5RT7FHA" completed keep alive response.
2021-09-28 23:46:46.923 +02:00 [INF] Request finished HTTP/1.1 GET http://localhost:5000/swagger/v1/swagger.json - - - 200 - application/json;charset=utf-8 190.0248ms
2021-09-28 23:54:38.311 +02:00 [DBG] Hosting starting
2021-09-28 23:54:39.007 +02:00 [INF] Now listening on: http://localhost:5000
2021-09-28 23:54:39.008 +02:00 [DBG] Loaded hosting startup assembly WebAPIAddressBook
2021-09-28 23:54:39.008 +02:00 [INF] Application started. Press Ctrl+C to shut down.
2021-09-28 23:54:39.008 +02:00 [INF] Hosting environment: Development
2021-09-28 23:54:39.008 +02:00 [INF] Content root path: D:\VertSoft\PerfectSoftware\Workshop\PerfectSoftware\WebAPIAddressBook
2021-09-28 23:54:39.008 +02:00 [DBG] Hosting started
2021-09-28 23:54:39.419 +02:00 [DBG] Connection id "0HMC2PA900C0C" accepted.
2021-09-28 23:54:39.419 +02:00 [DBG] Connection id "0HMC2PA900C0D" accepted.
2021-09-28 23:54:39.420 +02:00 [DBG] Connection id "0HMC2PA900C0C" started.
2021-09-28 23:54:39.420 +02:00 [DBG] Connection id "0HMC2PA900C0D" started.
2021-09-28 23:54:39.444 +02:00 [DBG] Connection id "0HMC2PA900C0C" received FIN.
2021-09-28 23:54:39.444 +02:00 [DBG] Connection id "0HMC2PA900C0D" received FIN.
2021-09-28 23:54:39.448 +02:00 [DBG] Connection id "0HMC2PA900C0D" disconnecting.
2021-09-28 23:54:39.478 +02:00 [DBG] Connection id "0HMC2PA900C0C" sending FIN because: "The client closed the connection."
2021-09-28 23:54:39.479 +02:00 [DBG] Connection id "0HMC2PA900C0C" disconnecting.
2021-09-28 23:54:39.479 +02:00 [DBG] Connection id "0HMC2PA900C0D" sending FIN because: "The client closed the connection."
2021-09-28 23:54:39.481 +02:00 [DBG] Connection id "0HMC2PA900C0C" stopped.
2021-09-28 23:54:39.485 +02:00 [DBG] Connection id "0HMC2PA900C0D" stopped.
2021-09-28 23:54:39.677 +02:00 [DBG] Connection id "0HMC2PA900C0E" accepted.
2021-09-28 23:54:39.679 +02:00 [DBG] Connection id "0HMC2PA900C0E" started.
2021-09-28 23:54:39.726 +02:00 [INF] Request starting HTTP/1.1 GET http://localhost:5000/swagger/index.html - -
2021-09-28 23:54:39.730 +02:00 [DBG] Wildcard detected, all requests with hosts will be allowed.
2021-09-28 23:54:40.018 +02:00 [DBG] Connection id "0HMC2PA900C0E" completed keep alive response.
2021-09-28 23:54:40.020 +02:00 [INF] Request finished HTTP/1.1 GET http://localhost:5000/swagger/index.html - - - 200 - text/html;charset=utf-8 297.0036ms
2021-09-28 23:54:40.204 +02:00 [INF] Request starting HTTP/1.1 GET http://localhost:5000/swagger/v1/swagger.json - -
2021-09-28 23:54:40.342 +02:00 [DBG] Connection id "0HMC2PA900C0E" completed keep alive response.
2021-09-28 23:54:40.343 +02:00 [INF] Request finished HTTP/1.1 GET http://localhost:5000/swagger/v1/swagger.json - - - 200 - application/json;charset=utf-8 138.7509ms
